<?xml version="1.0" encoding="UTF-8"?>
<!-- Generated by org.testng.reporters.JUnitReportReporter -->
<testsuite hostname="Abhays-MacBook-Pro.local" failures="0" tests="1" name="testcases.BoardGameGeekTest" time="6.748" errors="0" timestamp="15 Jul 2020 17:35:53 GMT" skipped="0">
  <testcase classname="testcases.BoardGameGeekTest" name="BoardGameGeekOperation" time="6.748"/>
</testsuite> <!-- testcases.BoardGameGeekTest -->
