<?xml version="1.0" encoding="UTF-8"?>
<!-- Generated by org.testng.reporters.JUnitReportReporter -->
<testsuite hostname="Abhays-MacBook-Pro.local" failures="0" tests="1" name="testcases.LaunchTest" time="6.690" errors="0" timestamp="15 Jul 2020 17:35:53 GMT" skipped="0">
  <testcase classname="testcases.LaunchTest" name="executeLaunch" time="6.690"/>
</testsuite> <!-- testcases.LaunchTest -->
